2021-11-03 16:53:00,638 p=37710 u=gferrer n=ansible | ERROR! the playbook: test.yml could not be found
2021-11-03 16:53:11,722 p=37725 u=gferrer n=ansible | ERROR! the playbook: test.yml could not be found
2021-11-03 16:53:29,657 p=37760 u=gferrer n=ansible | PLAY [test] **********************************************************************************************************************************************************************************
2021-11-03 16:53:29,668 p=37760 u=gferrer n=ansible | TASK [Gathering Facts] ***********************************************************************************************************************************************************************
2021-11-03 16:53:30,776 p=37760 u=gferrer n=ansible | [DEPRECATION WARNING]: Distribution fedora 34 on host localhost should use /usr/bin/python3, but is using /usr/bin/python for backward compatibility with prior Ansible releases. A future 
Ansible release will default to using the discovered platform python for this host. See https://docs.ansible.com/ansible/2.9/reference_appendices/interpreter_discovery.html for more 
information. This feature will be removed in version 2.12. Deprecation warnings can be disabled by setting deprecation_warnings=False in ansible.cfg.
2021-11-03 16:53:30,776 p=37760 u=gferrer n=ansible | ok: [localhost]
2021-11-03 16:53:30,787 p=37760 u=gferrer n=ansible | TASK [role_ejemplo1 : mensaje] ***************************************************************************************************************************************************************
2021-11-03 16:53:30,797 p=37760 u=gferrer n=ansible | ok: [localhost] => {
    "msg": "Ejemplo 02 - role ansible"
}
2021-11-03 16:53:30,799 p=37760 u=gferrer n=ansible | PLAY RECAP ***********************************************************************************************************************************************************************************
2021-11-03 16:53:30,799 p=37760 u=gferrer n=ansible | localhost                  : ok=2    changed=0    unreachable=0    failed=0    skipped=0    rescued=0    ignored=0   
2021-11-03 21:27:32,887 p=67811 u=gferrer n=ansible | PLAY [test] ******************************************************************************************************************
2021-11-03 21:27:32,895 p=67811 u=gferrer n=ansible | TASK [Gathering Facts] *******************************************************************************************************
2021-11-03 21:27:33,726 p=67811 u=gferrer n=ansible | [DEPRECATION WARNING]: Distribution fedora 34 on host localhost should use /usr/bin/python3, but is using /usr/bin/python for
 backward compatibility with prior Ansible releases. A future Ansible release will default to using the discovered platform 
python for this host. See https://docs.ansible.com/ansible/2.9/reference_appendices/interpreter_discovery.html for more 
information. This feature will be removed in version 2.12. Deprecation warnings can be disabled by setting 
deprecation_warnings=False in ansible.cfg.
2021-11-03 21:27:33,727 p=67811 u=gferrer n=ansible | ok: [localhost]
2021-11-03 21:27:33,736 p=67811 u=gferrer n=ansible | TASK [role_ejemplo1 : mensaje] ***********************************************************************************************
2021-11-03 21:27:33,744 p=67811 u=gferrer n=ansible | ok: [localhost] => {
    "msg": "Ejemplo 02 - role ansible"
}
2021-11-03 21:27:33,746 p=67811 u=gferrer n=ansible | PLAY RECAP *******************************************************************************************************************
2021-11-03 21:27:33,746 p=67811 u=gferrer n=ansible | localhost                  : ok=2    changed=0    unreachable=0    failed=0    skipped=0    rescued=0    ignored=0   
2021-11-03 21:27:54,464 p=67976 u=gferrer n=ansible | PLAY [test] ******************************************************************************************************************
2021-11-03 21:27:54,471 p=67976 u=gferrer n=ansible | TASK [Gathering Facts] *******************************************************************************************************
2021-11-03 21:27:55,328 p=67976 u=gferrer n=ansible | [DEPRECATION WARNING]: Distribution fedora 34 on host localhost should use /usr/bin/python3, but is using /usr/bin/python for
 backward compatibility with prior Ansible releases. A future Ansible release will default to using the discovered platform 
python for this host. See https://docs.ansible.com/ansible/2.9/reference_appendices/interpreter_discovery.html for more 
information. This feature will be removed in version 2.12. Deprecation warnings can be disabled by setting 
deprecation_warnings=False in ansible.cfg.
2021-11-03 21:27:55,328 p=67976 u=gferrer n=ansible | ok: [localhost]
2021-11-03 21:27:55,339 p=67976 u=gferrer n=ansible | TASK [role_ejemplo1 : mensaje] ***********************************************************************************************
2021-11-03 21:27:55,348 p=67976 u=gferrer n=ansible | ok: [localhost] => {
    "msg": "Ejemplo 03 - role ansible"
}
2021-11-03 21:27:55,349 p=67976 u=gferrer n=ansible | PLAY RECAP *******************************************************************************************************************
2021-11-03 21:27:55,349 p=67976 u=gferrer n=ansible | localhost                  : ok=2    changed=0    unreachable=0    failed=0    skipped=0    rescued=0    ignored=0   
